{
  "timestamp": "2025-08-29 12:39:09",
  "total_execution_time": 12.82521390914917,
  "summary": {
    "total_tests": 6,
    "passed_tests": 5,
    "failed_tests": 1,
    "skipped_tests": 0,
    "success_rate": 83.33333333333334
  },
  "test_results": {
    "Unit - SMA Business Indicator": {
      "total": 0,
      "passed": 0,
      "failed": 0,
      "skipped": 0,
      "errors": [],
      "warnings": [],
      "stdout": "============================= test session starts =============================\nplatform win32 -- Python 3.13.7, pytest-8.4.1, pluggy-1.6.0 -- C:\\Users\\Venkataraja.Mailangi\\AppData\\Local\\Microsoft\\WindowsApps\\PythonSoftwareFoundation.Python.3.13_qbz5n2kfra8p0\\python.exe\ncachedir: .pytest_cache\nrootdir: C:\\V\\KIRO\\ORM Capital Calculator Engine\nconfigfile: pytest.ini\nplugins: anyio-4.8.0, Faker-37.6.0, asyncio-1.1.0, cov-6.2.1\nasyncio: mode=Mode.STRICT, asyncio_default_fixture_loop_scope=None, asyncio_default_test_loop_scope=function\ncollecting ... collected 10 items\n\ntests/unit/test_sma_business_indicator.py::TestSMABusinessIndicator::test_sma_u_001_happy_path_3_year_bi_calculation PASSED [ 10%]\ntests/unit/test_sma_business_indicator.py::TestSMABusinessIndicator::test_sma_u_002_edge_case_zero_components PASSED [ 20%]\ntests/unit/test_sma_business_indicator.py::TestSMABusinessIndicator::test_sma_u_003_edge_case_entire_year_zero_bi PASSED [ 30%]\ntests/unit/test_sma_business_indicator.py::TestSMABusinessIndicator::test_sma_u_004_negative_case_rbi_max_min_abs_operations PASSED [ 40%]\ntests/unit/test_sma_business_indicator.py::TestSMABusinessIndicator::test_sma_u_005_data_validation_missing_data PASSED [ 50%]\ntests/unit/test_sma_business_indicator.py::TestSMABusinessIndicator::test_sma_u_005_validation_empty_data PASSED [ 60%]\ntests/unit/test_sma_business_indicator.py::TestSMABusinessIndicator::test_bi_calculation_single_year_data PASSED [ 70%]\ntests/unit/test_sma_business_indicator.py::TestSMABusinessIndicator::test_bi_calculation_unsorted_periods PASSED [ 80%]\ntests/unit/test_sma_business_indicator.py::TestSMABusinessIndicator::test_bi_calculation_precision_handling PASSED [ 90%]\ntests/unit/test_sma_business_indicator.py::TestSMABusinessIndicator::test_bi_validation_comprehensive PASSED [100%]\n\n============================= 10 passed in 0.09s ==============================\n",
      "stderr": "",
      "category": "Unit - SMA Business Indicator",
      "execution_time": 2.1386821269989014,
      "return_code": 0,
      "command": "python -m pytest tests/unit/test_sma_business_indicator.py -v --tb=short -m unit"
    },
    "Unit - SMA BIC Calculation": {
      "total": 0,
      "passed": 0,
      "failed": 0,
      "skipped": 0,
      "errors": [],
      "warnings": [],
      "stdout": "============================= test session starts =============================\nplatform win32 -- Python 3.13.7, pytest-8.4.1, pluggy-1.6.0 -- C:\\Users\\Venkataraja.Mailangi\\AppData\\Local\\Microsoft\\WindowsApps\\PythonSoftwareFoundation.Python.3.13_qbz5n2kfra8p0\\python.exe\ncachedir: .pytest_cache\nrootdir: C:\\V\\KIRO\\ORM Capital Calculator Engine\nconfigfile: pytest.ini\nplugins: anyio-4.8.0, Faker-37.6.0, asyncio-1.1.0, cov-6.2.1\nasyncio: mode=Mode.STRICT, asyncio_default_fixture_loop_scope=None, asyncio_default_test_loop_scope=function\ncollecting ... collected 15 items\n\ntests/unit/test_sma_bic_calculation.py::TestSMABICCalculation::test_sma_u_006_happy_path_bucket_1 PASSED [  6%]\ntests/unit/test_sma_bic_calculation.py::TestSMABICCalculation::test_sma_u_007_happy_path_bucket_2 PASSED [ 13%]\ntests/unit/test_sma_bic_calculation.py::TestSMABICCalculation::test_sma_u_008_happy_path_bucket_3 PASSED [ 20%]\ntests/unit/test_sma_bic_calculation.py::TestSMABICCalculation::test_sma_u_009_boundary_lower_bucket_1_2_threshold PASSED [ 26%]\ntests/unit/test_sma_bic_calculation.py::TestSMABICCalculation::test_sma_u_010_boundary_upper_bucket_2_3_threshold PASSED [ 33%]\ntests/unit/test_sma_bic_calculation.py::TestSMABICCalculation::test_sma_u_011_boundary_near_lower_bucket_2 PASSED [ 40%]\ntests/unit/test_sma_bic_calculation.py::TestSMABICCalculation::test_sma_u_012_boundary_near_upper_bucket_2 PASSED [ 46%]\ntests/unit/test_sma_bic_calculation.py::TestSMABICCalculation::test_sma_u_013_edge_case_zero_bi PASSED [ 53%]\ntests/unit/test_sma_bic_calculation.py::TestSMABICCalculation::test_sma_u_014_negative_case_negative_bi PASSED [ 60%]\ntests/unit/test_sma_bic_calculation.py::TestSMABICCalculation::test_bic_calculation_marginal_coefficients_verification PASSED [ 66%]\ntests/unit/test_sma_bic_calculation.py::TestSMABICCalculation::test_bic_calculation_thresholds_verification PASSED [ 73%]\ntests/unit/test_sma_bic_calculation.py::TestSMABICCalculation::test_bic_calculation_large_bucket_3_amount PASSED [ 80%]\ntests/unit/test_sma_bic_calculation.py::TestSMABICCalculation::test_bucket_assignment_comprehensive PASSED [ 86%]\ntests/unit/test_sma_bic_calculation.py::TestSMABICCalculation::test_bic_calculation_precision_handling PASSED [ 93%]\ntests/unit/test_sma_bic_calculation.py::TestSMABICCalculation::test_bic_calculation_edge_case_exact_bucket_2_threshold PASSED [100%]\n\n============================= 15 passed in 0.11s ==============================\n",
      "stderr": "",
      "category": "Unit - SMA BIC Calculation",
      "execution_time": 1.209636926651001,
      "return_code": 0,
      "command": "python -m pytest tests/unit/test_sma_bic_calculation.py -v --tb=short -m unit"
    },
    "Unit - SMA Loss Component & ILM": {
      "total": 0,
      "passed": 0,
      "failed": 0,
      "skipped": 0,
      "errors": [],
      "warnings": [],
      "stdout": "============================= test session starts =============================\nplatform win32 -- Python 3.13.7, pytest-8.4.1, pluggy-1.6.0 -- C:\\Users\\Venkataraja.Mailangi\\AppData\\Local\\Microsoft\\WindowsApps\\PythonSoftwareFoundation.Python.3.13_qbz5n2kfra8p0\\python.exe\ncachedir: .pytest_cache\nrootdir: C:\\V\\KIRO\\ORM Capital Calculator Engine\nconfigfile: pytest.ini\nplugins: anyio-4.8.0, Faker-37.6.0, asyncio-1.1.0, cov-6.2.1\nasyncio: mode=Mode.STRICT, asyncio_default_fixture_loop_scope=None, asyncio_default_test_loop_scope=function\ncollecting ... collected 14 items\n\ntests/unit/test_sma_loss_component_ilm.py::TestSMALossComponentILM::test_sma_u_015_happy_path_lc_10_years_data PASSED [  7%]\ntests/unit/test_sma_loss_component_ilm.py::TestSMALossComponentILM::test_sma_u_016_edge_case_zero_losses PASSED [ 14%]\ntests/unit/test_sma_loss_component_ilm.py::TestSMALossComponentILM::test_sma_u_017_edge_case_configurable_horizon PASSED [ 21%]\ntests/unit/test_sma_loss_component_ilm.py::TestSMALossComponentILM::test_sma_u_018_ilm_gate_bucket_1 PASSED [ 28%]\ntests/unit/test_sma_loss_component_ilm.py::TestSMALossComponentILM::test_sma_u_019_ilm_gate_insufficient_data PASSED [ 35%]\ntests/unit/test_sma_loss_component_ilm.py::TestSMALossComponentILM::test_sma_u_020_happy_path_ilm_calculated PASSED [ 42%]\ntests/unit/test_sma_loss_component_ilm.py::TestSMALossComponentILM::test_sma_u_021_complex_case_national_discretion PASSED [ 50%]\ntests/unit/test_sma_loss_component_ilm.py::TestSMALossComponentILM::test_sma_u_022_complex_case_supervisor_override PASSED [ 57%]\ntests/unit/test_sma_loss_component_ilm.py::TestSMALossComponentILM::test_lc_calculation_with_exclusions PASSED [ 64%]\ntests/unit/test_sma_loss_component_ilm.py::TestSMALossComponentILM::test_lc_calculation_with_threshold_filtering PASSED [ 71%]\ntests/unit/test_sma_loss_component_ilm.py::TestSMALossComponentILM::test_lc_calculation_10_year_horizon PASSED [ 78%]\ntests/unit/test_sma_loss_component_ilm.py::TestSMALossComponentILM::test_ilm_calculation_edge_cases PASSED [ 85%]\ntests/unit/test_sma_loss_component_ilm.py::TestSMALossComponentILM::test_ilm_calculation_mathematical_accuracy PASSED [ 92%]\ntests/unit/test_sma_loss_component_ilm.py::TestSMALossComponentILM::test_lc_calculation_annual_aggregation PASSED [100%]\n\n============================= 14 passed in 0.09s ==============================\n",
      "stderr": "",
      "category": "Unit - SMA Loss Component & ILM",
      "execution_time": 1.1519782543182373,
      "return_code": 0,
      "command": "python -m pytest tests/unit/test_sma_loss_component_ilm.py -v --tb=short -m unit"
    },
    "Unit - SMA Calculator (Existing)": {
      "total": 0,
      "passed": 0,
      "failed": 0,
      "skipped": 0,
      "errors": [],
      "warnings": [],
      "stdout": "============================= test session starts =============================\nplatform win32 -- Python 3.13.7, pytest-8.4.1, pluggy-1.6.0 -- C:\\Users\\Venkataraja.Mailangi\\AppData\\Local\\Microsoft\\WindowsApps\\PythonSoftwareFoundation.Python.3.13_qbz5n2kfra8p0\\python.exe\ncachedir: .pytest_cache\nrootdir: C:\\V\\KIRO\\ORM Capital Calculator Engine\nconfigfile: pytest.ini\nplugins: anyio-4.8.0, Faker-37.6.0, asyncio-1.1.0, cov-6.2.1\nasyncio: mode=Mode.STRICT, asyncio_default_fixture_loop_scope=None, asyncio_default_test_loop_scope=function\ncollecting ... collected 18 items / 18 deselected / 0 selected\n\n=========================== 18 deselected in 0.03s ============================\n",
      "stderr": "",
      "category": "Unit - SMA Calculator (Existing)",
      "execution_time": 1.1791536808013916,
      "return_code": 5,
      "command": "python -m pytest tests/test_sma_calculator.py -v --tb=short -m unit"
    },
    "Integration - Complete Workflow": {
      "total": 0,
      "passed": 0,
      "failed": 0,
      "skipped": 0,
      "errors": [],
      "warnings": [],
      "stdout": "============================= test session starts =============================\nplatform win32 -- Python 3.13.7, pytest-8.4.1, pluggy-1.6.0 -- C:\\Users\\Venkataraja.Mailangi\\AppData\\Local\\Microsoft\\WindowsApps\\PythonSoftwareFoundation.Python.3.13_qbz5n2kfra8p0\\python.exe\ncachedir: .pytest_cache\nrootdir: C:\\V\\KIRO\\ORM Capital Calculator Engine\nconfigfile: pytest.ini\nplugins: anyio-4.8.0, Faker-37.6.0, asyncio-1.1.0, cov-6.2.1\nasyncio: mode=Mode.STRICT, asyncio_default_fixture_loop_scope=None, asyncio_default_test_loop_scope=function\ncollecting ... collected 9 items\n\ntests/integration/test_sma_complete_workflow.py::TestSMACompleteWorkflow::test_complete_sma_bucket_1_calculation PASSED [ 11%]\ntests/integration/test_sma_complete_workflow.py::TestSMACompleteWorkflow::test_complete_sma_bucket_2_calculation PASSED [ 22%]\ntests/integration/test_sma_complete_workflow.py::TestSMACompleteWorkflow::test_complete_sma_bucket_3_calculation PASSED [ 33%]\ntests/integration/test_sma_complete_workflow.py::TestSMACompleteWorkflow::test_complete_sma_insufficient_loss_data PASSED [ 44%]\ntests/integration/test_sma_complete_workflow.py::TestSMACompleteWorkflow::test_complete_sma_national_discretion PASSED [ 55%]\ntests/integration/test_sma_complete_workflow.py::TestSMACompleteWorkflow::test_complete_sma_boundary_conditions PASSED [ 66%]\ntests/integration/test_sma_complete_workflow.py::TestSMACompleteWorkflow::test_complete_sma_zero_losses PASSED [ 77%]\ntests/integration/test_sma_complete_workflow.py::TestSMACompleteWorkflow::test_complete_sma_precision_and_rounding PASSED [ 88%]\ntests/integration/test_sma_complete_workflow.py::TestSMACompleteWorkflow::test_complete_sma_validation_errors PASSED [100%]\n\n============================== 9 passed in 0.09s ==============================\n",
      "stderr": "",
      "category": "Integration - Complete Workflow",
      "execution_time": 1.3290481567382812,
      "return_code": 0,
      "command": "python -m pytest tests/integration/test_sma_complete_workflow.py -v --tb=short -m integration"
    },
    "Integration - SMA Integration (Existing)": {
      "total": 0,
      "passed": 0,
      "failed": 0,
      "skipped": 0,
      "errors": [],
      "warnings": [],
      "stdout": "============================= test session starts =============================\nplatform win32 -- Python 3.13.7, pytest-8.4.1, pluggy-1.6.0 -- C:\\Users\\Venkataraja.Mailangi\\AppData\\Local\\Microsoft\\WindowsApps\\PythonSoftwareFoundation.Python.3.13_qbz5n2kfra8p0\\python.exe\ncachedir: .pytest_cache\nrootdir: C:\\V\\KIRO\\ORM Capital Calculator Engine\nconfigfile: pytest.ini\nplugins: anyio-4.8.0, Faker-37.6.0, asyncio-1.1.0, cov-6.2.1\nasyncio: mode=Mode.STRICT, asyncio_default_fixture_loop_scope=None, asyncio_default_test_loop_scope=function\ncollecting ... collected 5 items / 5 deselected / 0 selected\n\n============================ 5 deselected in 0.05s ============================\n",
      "stderr": "",
      "category": "Integration - SMA Integration (Existing)",
      "execution_time": 1.3664536476135254,
      "return_code": 5,
      "command": "python -m pytest tests/test_sma_integration.py -v --tb=short -m integration"
    },
    "Regulatory - RBI Compliance": {
      "total": 0,
      "passed": 0,
      "failed": 0,
      "skipped": 0,
      "errors": [],
      "warnings": [],
      "stdout": "============================= test session starts =============================\nplatform win32 -- Python 3.13.7, pytest-8.4.1, pluggy-1.6.0 -- C:\\Users\\Venkataraja.Mailangi\\AppData\\Local\\Microsoft\\WindowsApps\\PythonSoftwareFoundation.Python.3.13_qbz5n2kfra8p0\\python.exe\ncachedir: .pytest_cache\nrootdir: C:\\V\\KIRO\\ORM Capital Calculator Engine\nconfigfile: pytest.ini\nplugins: anyio-4.8.0, Faker-37.6.0, asyncio-1.1.0, cov-6.2.1\nasyncio: mode=Mode.STRICT, asyncio_default_fixture_loop_scope=None, asyncio_default_test_loop_scope=function\ncollecting ... collected 10 items\n\ntests/regulatory/test_rbi_compliance.py::TestRBICompliance::test_rbi_sma_formula_compliance PASSED [ 10%]\ntests/regulatory/test_rbi_compliance.py::TestRBICompliance::test_rbi_bucket_thresholds_compliance PASSED [ 20%]\ntests/regulatory/test_rbi_compliance.py::TestRBICompliance::test_rbi_marginal_coefficients_compliance PASSED [ 30%]\ntests/regulatory/test_rbi_compliance.py::TestRBICompliance::test_rbi_loss_component_requirements PASSED [ 40%]\ntests/regulatory/test_rbi_compliance.py::TestRBICompliance::test_rbi_ilm_gating_requirements PASSED [ 50%]\ntests/regulatory/test_rbi_compliance.py::TestRBICompliance::test_rbi_rwa_multiplier_compliance PASSED [ 60%]\ntests/regulatory/test_rbi_compliance.py::TestRBICompliance::test_rbi_data_quality_requirements PASSED [ 70%]\ntests/regulatory/test_rbi_compliance.py::TestRBICompliance::test_rbi_exclusion_requirements PASSED [ 80%]\ntests/regulatory/test_rbi_compliance.py::TestRBICompliance::test_rbi_calculation_precision_requirements PASSED [ 90%]\ntests/regulatory/test_rbi_compliance.py::TestRBICompliance::test_rbi_comprehensive_compliance_scenario PASSED [100%]\n\n============================= 10 passed in 0.11s ==============================\n",
      "stderr": "",
      "category": "Regulatory - RBI Compliance",
      "execution_time": 2.048919916152954,
      "return_code": 0,
      "command": "python -m pytest tests/regulatory/test_rbi_compliance.py -v --tb=short -m regulatory"
    },
    "Performance - SMA Performance": {
      "total": 6,
      "passed": 5,
      "failed": 1,
      "skipped": 0,
      "errors": [],
      "warnings": [],
      "stdout": "============================= test session starts =============================\nplatform win32 -- Python 3.13.7, pytest-8.4.1, pluggy-1.6.0 -- C:\\Users\\Venkataraja.Mailangi\\AppData\\Local\\Microsoft\\WindowsApps\\PythonSoftwareFoundation.Python.3.13_qbz5n2kfra8p0\\python.exe\ncachedir: .pytest_cache\nrootdir: C:\\V\\KIRO\\ORM Capital Calculator Engine\nconfigfile: pytest.ini\nplugins: anyio-4.8.0, Faker-37.6.0, asyncio-1.1.0, cov-6.2.1\nasyncio: mode=Mode.STRICT, asyncio_default_fixture_loop_scope=None, asyncio_default_test_loop_scope=function\ncollecting ... collected 6 items\n\ntests/performance/test_sma_performance.py::TestSMAPerformance::test_perf_p_001_quarter_end_full_run FAILED [ 16%]\ntests/performance/test_sma_performance.py::TestSMAPerformance::test_perf_p_002_concurrent_ad_hoc_requests PASSED [ 33%]\ntests/performance/test_sma_performance.py::TestSMAPerformance::test_perf_p_003_auto_async_threshold PASSED [ 50%]\ntests/performance/test_sma_performance.py::TestSMAPerformance::test_perf_p_004_memory_usage_large_dataset PASSED [ 66%]\ntests/performance/test_sma_performance.py::TestSMAPerformance::test_performance_calculation_components PASSED [ 83%]\ntests/performance/test_sma_performance.py::TestSMAPerformance::test_async_performance_simulation PASSED [100%]\n\n================================== FAILURES ===================================\n___________ TestSMAPerformance.test_perf_p_001_quarter_end_full_run ___________\ntests\\performance\\test_sma_performance.py:79: in test_perf_p_001_quarter_end_full_run\n    assert result.bucket in ['bucket_1', 'bucket_2', 'bucket_3']\nE   AssertionError: assert <RBIBucket.BUCKET_2: 'bucket_2'> in ['bucket_1', 'bucket_2', 'bucket_3']\nE    +  where <RBIBucket.BUCKET_2: 'bucket_2'> = SMACalculationResult(run_id='QUARTER_END_001', entity_id='PERF_TEST_BANK_001', calculation_date=datetime.date(2023, 12, 31), bi_current=Decimal('121679793805'), bi_three_year_average=Decimal('106543001352.3333333333333333'), bic=Decimal('13581450202.85000000000000000'), bucket=<RBIBucket.BUCKET_2: 'bucket_2'>, marginal_coefficients_applied={'bucket_1': Decimal('80000000000'), 'bucket_2': Decimal('26543001352.3333333333333333')}, lc=Decimal('10873381741.5'), average_annual_losses=Decimal('724892116.1'), loss_data_years=10, ilm=Decimal('0.9238172095546079'), ilm_gated=False, orc=Decimal('12546777428.10'), rwa=Decimal('156834717851.27'), calculation_timestamp=datetime.datetime(2025, 8, 29, 12, 39, 8, 366797), parameters_version='1.0.0-test', model_version='1.0.0-test', ilm_gate_reason=None).bucket\n=========================== short test summary info ===========================\nFAILED tests/performance/test_sma_performance.py::TestSMAPerformance::test_perf_p_001_quarter_end_full_run\n========================= 1 failed, 5 passed in 0.89s =========================\n",
      "stderr": "",
      "category": "Performance - SMA Performance",
      "execution_time": 2.380819082260132,
      "return_code": 1,
      "command": "python -m pytest tests/performance/test_sma_performance.py -v --tb=short -m performance"
    }
  }
}